Using pre-set license
Built from '2020.3/staging' branch; Version is '2020.3.30f1 (1fb1bf06830e) revision 2077119'; Using compiler version '192528614'; Build Type 'Release'
OS: 'Windows 11  (10.0.22000) 64bit CoreSingleLanguage' Language: 'fr' Physical Memory: 16261 MB
BatchMode: 1, IsHumanControllingUs: 0, StartBugReporterOnCrash: 0, Is64bit: 1, IsPro: 0

COMMAND LINE ARGUMENTS:
C:\Program Files\Unity\Hub\Editor\2020.3.30f1\Editor\Unity.exe
-adb2
-batchMode
-noUpm
-name
AssetImportWorker0
-projectPath
C:/Users/Omen/Desktop/Projet S2/Jeu/Time To Escape
-logFile
Logs/AssetImportWorker0.log
-srvPort
64736
Successfully changed project path to: C:/Users/Omen/Desktop/Projet S2/Jeu/Time To Escape
C:/Users/Omen/Desktop/Projet S2/Jeu/Time To Escape
Using Asset Import Pipeline V2.
Refreshing native plugins compatible for Editor in 75.77 ms, found 3 plugins.
Preloading 0 native plugins for Editor in 0.00 ms.
Initialize engine version: 2020.3.30f1 (1fb1bf06830e)
[Subsystems] Discovering subsystems at path C:/Program Files/Unity/Hub/Editor/2020.3.30f1/Editor/Data/Resources/UnitySubsystems
[Subsystems] Discovering subsystems at path C:/Users/Omen/Desktop/Projet S2/Jeu/Time To Escape/Assets
GfxDevice: creating device client; threaded=0
Direct3D:
    Version:  Direct3D 11.0 [level 11.1]
    Renderer: NVIDIA GeForce GTX 1660 Ti (ID=0x2191)
    Vendor:   
    VRAM:     5991 MB
    Driver:   30.0.15.1259
Initialize mono
Mono path[0] = 'C:/Program Files/Unity/Hub/Editor/2020.3.30f1/Editor/Data/Managed'
Mono path[1] = 'C:/Program Files/Unity/Hub/Editor/2020.3.30f1/Editor/Data/MonoBleedingEdge/lib/mono/unityjit'
Mono config path = 'C:/Program Files/Unity/Hub/Editor/2020.3.30f1/Editor/Data/MonoBleedingEdge/etc'
Using monoOptions --debugger-agent=transport=dt_socket,embedding=1,server=y,suspend=n,address=127.0.0.1:56736
Begin MonoManager ReloadAssembly
Registering precompiled unity dll's ...
Register platform support module: C:/Program Files/Unity/Hub/Editor/2020.3.30f1/Editor/Data/PlaybackEngines/WindowsStandaloneSupport/UnityEditor.WindowsStandalone.Extensions.dll
Registered in 0.001532 seconds.
Native extension for WindowsStandalone target not found
Refreshing native plugins compatible for Editor in 62.26 ms, found 3 plugins.
Preloading 0 native plugins for Editor in 0.00 ms.
Mono: successfully reloaded assembly
- Completed reload, in  0.888 seconds
Domain Reload Profiling:
	ReloadAssembly (888ms)
		BeginReloadAssembly (65ms)
			ExecutionOrderSort (0ms)
			DisableScriptedObjects (0ms)
			BackupInstance (0ms)
			ReleaseScriptingObjects (0ms)
			CreateAndSetChildDomain (1ms)
		EndReloadAssembly (623ms)
			LoadAssemblies (63ms)
			RebuildTransferFunctionScriptingTraits (0ms)
			SetupTypeCache (289ms)
			ReleaseScriptCaches (0ms)
			RebuildScriptCaches (34ms)
			SetupLoadedEditorAssemblies (194ms)
				LogAssemblyErrors (0ms)
				InitializePlatformSupportModulesInManaged (5ms)
				SetLoadedEditorAssemblies (0ms)
				RefreshPlugins (62ms)
				BeforeProcessingInitializeOnLoad (8ms)
				ProcessInitializeOnLoadAttributes (87ms)
				ProcessInitializeOnLoadMethodAttributes (30ms)
				AfterProcessingInitializeOnLoad (0ms)
				EditorAssembliesLoaded (0ms)
			ExecutionOrderSort2 (0ms)
			AwakeInstancesAfterBackupRestoration (0ms)
Platform modules already initialized, skipping
Registering precompiled user dll's ...
Registered in 0.003087 seconds.
Begin MonoManager ReloadAssembly
Native extension for WindowsStandalone target not found
Refreshing native plugins compatible for Editor in 50.83 ms, found 3 plugins.
Preloading 0 native plugins for Editor in 0.00 ms.
Mono: successfully reloaded assembly
- Completed reload, in  1.569 seconds
Domain Reload Profiling:
	ReloadAssembly (1570ms)
		BeginReloadAssembly (252ms)
			ExecutionOrderSort (0ms)
			DisableScriptedObjects (6ms)
			BackupInstance (0ms)
			ReleaseScriptingObjects (0ms)
			CreateAndSetChildDomain (23ms)
		EndReloadAssembly (1207ms)
			LoadAssemblies (163ms)
			RebuildTransferFunctionScriptingTraits (0ms)
			SetupTypeCache (446ms)
			ReleaseScriptCaches (0ms)
			RebuildScriptCaches (52ms)
			SetupLoadedEditorAssemblies (423ms)
				LogAssemblyErrors (0ms)
				InitializePlatformSupportModulesInManaged (5ms)
				SetLoadedEditorAssemblies (0ms)
				RefreshPlugins (51ms)
				BeforeProcessingInitializeOnLoad (73ms)
				ProcessInitializeOnLoadAttributes (270ms)
				ProcessInitializeOnLoadMethodAttributes (18ms)
				AfterProcessingInitializeOnLoad (5ms)
				EditorAssembliesLoaded (0ms)
			ExecutionOrderSort2 (0ms)
			AwakeInstancesAfterBackupRestoration (8ms)
Platform modules already initialized, skipping
========================================================================
Worker process is ready to serve import requests
Launched and connected shader compiler UnityShaderCompiler.exe after 0.10 seconds
Refreshing native plugins compatible for Editor in 0.45 ms, found 3 plugins.
Preloading 0 native plugins for Editor in 0.00 ms.
Unloading 2203 Unused Serialized files (Serialized files now loaded: 0)
System memory in use before: 96.6 MB.
System memory in use after: 96.5 MB.

Unloading 31 unused Assets to reduce memory usage. Loaded Objects now: 2635.
Total: 2.858400 ms (FindLiveObjects: 0.147900 ms CreateObjectMapping: 0.068600 ms MarkObjects: 2.520300 ms  DeleteObjects: 0.121000 ms)

AssetImportParameters requested are different than current active one (requested -> active):
  custom:framework-win-MediaFoundation: 216162199b28c13a410421893ffa2e32 -> 
  custom:video-decoder-ogg-theora: a1e56fd34408186e4bbccfd4996cb3dc -> 
  custom:container-muxer-webm: aa71ff27fc2769a1b78a27578f13a17b -> 
  custom:container-demuxer-webm: 4f35f7cbe854078d1ac9338744f61a02 -> 
  custom:container-demuxer-ogg: 62fdf1f143b41e24485cea50d1cbac27 -> 
  custom:video-encoder-webm-vp8: eb34c28f22e8b96e1ab97ce403110664 -> 
  custom:video-codec-MediaFoundation-h265: 746d11721c4dcdbdad8f713fa42b33f4 -> 
  custom:video-decoder-webm-vp8: 9c59270c3fd7afecdb556c50c9e8de78 -> 
  custom:audio-decoder-ogg-vorbis: bf7c407c2cedff20999df2af8eb42d56 -> 
  custom:audio-encoder-webm-vorbis: bf7c407c2cedff20999df2af8eb42d56 -> 
========================================================================
Received Prepare
Registering precompiled user dll's ...
Registered in 0.004986 seconds.
Begin MonoManager ReloadAssembly
Native extension for WindowsStandalone target not found
Refreshing native plugins compatible for Editor in 0.61 ms, found 3 plugins.
Preloading 0 native plugins for Editor in 0.00 ms.
Mono: successfully reloaded assembly
- Completed reload, in  1.224 seconds
Domain Reload Profiling:
	ReloadAssembly (1224ms)
		BeginReloadAssembly (127ms)
			ExecutionOrderSort (0ms)
			DisableScriptedObjects (7ms)
			BackupInstance (0ms)
			ReleaseScriptingObjects (0ms)
			CreateAndSetChildDomain (35ms)
		EndReloadAssembly (1021ms)
			LoadAssemblies (112ms)
			RebuildTransferFunctionScriptingTraits (0ms)
			SetupTypeCache (367ms)
			ReleaseScriptCaches (1ms)
			RebuildScriptCaches (53ms)
			SetupLoadedEditorAssemblies (348ms)
				LogAssemblyErrors (0ms)
				InitializePlatformSupportModulesInManaged (5ms)
				SetLoadedEditorAssemblies (1ms)
				RefreshPlugins (1ms)
				BeforeProcessingInitializeOnLoad (64ms)
				ProcessInitializeOnLoadAttributes (255ms)
				ProcessInitializeOnLoadMethodAttributes (16ms)
				AfterProcessingInitializeOnLoad (7ms)
				EditorAssembliesLoaded (0ms)
			ExecutionOrderSort2 (0ms)
			AwakeInstancesAfterBackupRestoration (13ms)
Platform modules already initialized, skipping
Refreshing native plugins compatible for Editor in 0.47 ms, found 3 plugins.
Preloading 0 native plugins for Editor in 0.00 ms.
Unloading 2196 Unused Serialized files (Serialized files now loaded: 0)
System memory in use before: 96.3 MB.
System memory in use after: 96.3 MB.

Unloading 20 unused Assets to reduce memory usage. Loaded Objects now: 2637.
Total: 3.298300 ms (FindLiveObjects: 0.185300 ms CreateObjectMapping: 0.081800 ms MarkObjects: 2.916500 ms  DeleteObjects: 0.113900 ms)

AssetImportParameters requested are different than current active one (requested -> active):
  custom:framework-win-MediaFoundation: 216162199b28c13a410421893ffa2e32 -> 
  custom:video-decoder-ogg-theora: a1e56fd34408186e4bbccfd4996cb3dc -> 
  custom:container-muxer-webm: aa71ff27fc2769a1b78a27578f13a17b -> 
  custom:container-demuxer-webm: 4f35f7cbe854078d1ac9338744f61a02 -> 
  custom:container-demuxer-ogg: 62fdf1f143b41e24485cea50d1cbac27 -> 
  custom:video-encoder-webm-vp8: eb34c28f22e8b96e1ab97ce403110664 -> 
  custom:video-codec-MediaFoundation-h265: 746d11721c4dcdbdad8f713fa42b33f4 -> 
  custom:video-decoder-webm-vp8: 9c59270c3fd7afecdb556c50c9e8de78 -> 
  custom:audio-decoder-ogg-vorbis: bf7c407c2cedff20999df2af8eb42d56 -> 
  custom:audio-encoder-webm-vorbis: bf7c407c2cedff20999df2af8eb42d56 -> 
========================================================================
Received Prepare
Registering precompiled user dll's ...
Registered in 0.003587 seconds.
Begin MonoManager ReloadAssembly
Native extension for WindowsStandalone target not found
Refreshing native plugins compatible for Editor in 0.50 ms, found 3 plugins.
Preloading 0 native plugins for Editor in 0.00 ms.
Mono: successfully reloaded assembly
- Completed reload, in  1.126 seconds
Domain Reload Profiling:
	ReloadAssembly (1127ms)
		BeginReloadAssembly (157ms)
			ExecutionOrderSort (0ms)
			DisableScriptedObjects (10ms)
			BackupInstance (0ms)
			ReleaseScriptingObjects (0ms)
			CreateAndSetChildDomain (55ms)
		EndReloadAssembly (896ms)
			LoadAssemblies (116ms)
			RebuildTransferFunctionScriptingTraits (0ms)
			SetupTypeCache (323ms)
			ReleaseScriptCaches (1ms)
			RebuildScriptCaches (44ms)
			SetupLoadedEditorAssemblies (310ms)
				LogAssemblyErrors (0ms)
				InitializePlatformSupportModulesInManaged (4ms)
				SetLoadedEditorAssemblies (0ms)
				RefreshPlugins (1ms)
				BeforeProcessingInitializeOnLoad (63ms)
				ProcessInitializeOnLoadAttributes (224ms)
				ProcessInitializeOnLoadMethodAttributes (13ms)
				AfterProcessingInitializeOnLoad (5ms)
				EditorAssembliesLoaded (0ms)
			ExecutionOrderSort2 (0ms)
			AwakeInstancesAfterBackupRestoration (11ms)
Platform modules already initialized, skipping
Refreshing native plugins compatible for Editor in 0.47 ms, found 3 plugins.
Preloading 0 native plugins for Editor in 0.00 ms.
Unloading 2199 Unused Serialized files (Serialized files now loaded: 0)
System memory in use before: 96.4 MB.
System memory in use after: 96.4 MB.

Unloading 20 unused Assets to reduce memory usage. Loaded Objects now: 2642.
Total: 3.074100 ms (FindLiveObjects: 0.184000 ms CreateObjectMapping: 0.077000 ms MarkObjects: 2.705000 ms  DeleteObjects: 0.107200 ms)

AssetImportParameters requested are different than current active one (requested -> active):
  custom:framework-win-MediaFoundation: 216162199b28c13a410421893ffa2e32 -> 
  custom:video-decoder-ogg-theora: a1e56fd34408186e4bbccfd4996cb3dc -> 
  custom:container-muxer-webm: aa71ff27fc2769a1b78a27578f13a17b -> 
  custom:container-demuxer-webm: 4f35f7cbe854078d1ac9338744f61a02 -> 
  custom:container-demuxer-ogg: 62fdf1f143b41e24485cea50d1cbac27 -> 
  custom:video-encoder-webm-vp8: eb34c28f22e8b96e1ab97ce403110664 -> 
  custom:video-codec-MediaFoundation-h265: 746d11721c4dcdbdad8f713fa42b33f4 -> 
  custom:video-decoder-webm-vp8: 9c59270c3fd7afecdb556c50c9e8de78 -> 
  custom:audio-decoder-ogg-vorbis: bf7c407c2cedff20999df2af8eb42d56 -> 
  custom:audio-encoder-webm-vorbis: bf7c407c2cedff20999df2af8eb42d56 -> 
========================================================================
Received Prepare
Registering precompiled user dll's ...
Registered in 0.003007 seconds.
Begin MonoManager ReloadAssembly
Native extension for WindowsStandalone target not found
Refreshing native plugins compatible for Editor in 0.51 ms, found 3 plugins.
Preloading 0 native plugins for Editor in 0.00 ms.
Mono: successfully reloaded assembly
- Completed reload, in  1.257 seconds
Domain Reload Profiling:
	ReloadAssembly (1258ms)
		BeginReloadAssembly (119ms)
			ExecutionOrderSort (0ms)
			DisableScriptedObjects (7ms)
			BackupInstance (0ms)
			ReleaseScriptingObjects (0ms)
			CreateAndSetChildDomain (33ms)
		EndReloadAssembly (1053ms)
			LoadAssemblies (115ms)
			RebuildTransferFunctionScriptingTraits (0ms)
			SetupTypeCache (346ms)
			ReleaseScriptCaches (1ms)
			RebuildScriptCaches (52ms)
			SetupLoadedEditorAssemblies (397ms)
				LogAssemblyErrors (0ms)
				InitializePlatformSupportModulesInManaged (5ms)
				SetLoadedEditorAssemblies (1ms)
				RefreshPlugins (1ms)
				BeforeProcessingInitializeOnLoad (68ms)
				ProcessInitializeOnLoadAttributes (288ms)
				ProcessInitializeOnLoadMethodAttributes (24ms)
				AfterProcessingInitializeOnLoad (11ms)
				EditorAssembliesLoaded (0ms)
			ExecutionOrderSort2 (0ms)
			AwakeInstancesAfterBackupRestoration (19ms)
Platform modules already initialized, skipping
Refreshing native plugins compatible for Editor in 0.77 ms, found 3 plugins.
Preloading 0 native plugins for Editor in 0.00 ms.
Unloading 2199 Unused Serialized files (Serialized files now loaded: 0)
System memory in use before: 96.5 MB.
System memory in use after: 96.4 MB.

Unloading 20 unused Assets to reduce memory usage. Loaded Objects now: 2644.
Total: 4.851900 ms (FindLiveObjects: 0.237700 ms CreateObjectMapping: 0.223600 ms MarkObjects: 4.230100 ms  DeleteObjects: 0.158700 ms)

AssetImportParameters requested are different than current active one (requested -> active):
  custom:framework-win-MediaFoundation: 216162199b28c13a410421893ffa2e32 -> 
  custom:video-decoder-ogg-theora: a1e56fd34408186e4bbccfd4996cb3dc -> 
  custom:container-muxer-webm: aa71ff27fc2769a1b78a27578f13a17b -> 
  custom:container-demuxer-webm: 4f35f7cbe854078d1ac9338744f61a02 -> 
  custom:container-demuxer-ogg: 62fdf1f143b41e24485cea50d1cbac27 -> 
  custom:video-encoder-webm-vp8: eb34c28f22e8b96e1ab97ce403110664 -> 
  custom:video-codec-MediaFoundation-h265: 746d11721c4dcdbdad8f713fa42b33f4 -> 
  custom:video-decoder-webm-vp8: 9c59270c3fd7afecdb556c50c9e8de78 -> 
  custom:audio-decoder-ogg-vorbis: bf7c407c2cedff20999df2af8eb42d56 -> 
  custom:audio-encoder-webm-vorbis: bf7c407c2cedff20999df2af8eb42d56 -> 
========================================================================
Received Import Request.
  path: Assets/Cainos/Pixel Art Top Down - Basic/Script/diamond.cs
  artifactKey: Guid(74e3f6d3f79a176468fd36908fb98556) Importer(815301076,1909f56bfc062723c751e8b465ee728b)
Start importing Assets/Cainos/Pixel Art Top Down - Basic/Script/diamond.cs using Guid(74e3f6d3f79a176468fd36908fb98556) Importer(815301076,1909f56bfc062723c751e8b465ee728b)  -> (artifact id: '7d4512e36c921ddf0914df54561cdfd7') in 0.025773 seconds 
========================================================================
Received Prepare
Registering precompiled user dll's ...
Registered in 0.006635 seconds.
Begin MonoManager ReloadAssembly
Native extension for WindowsStandalone target not found
Refreshing native plugins compatible for Editor in 0.59 ms, found 3 plugins.
Preloading 0 native plugins for Editor in 0.00 ms.
Mono: successfully reloaded assembly
- Completed reload, in  1.593 seconds
Domain Reload Profiling:
	ReloadAssembly (1594ms)
		BeginReloadAssembly (243ms)
			ExecutionOrderSort (0ms)
			DisableScriptedObjects (16ms)
			BackupInstance (0ms)
			ReleaseScriptingObjects (0ms)
			CreateAndSetChildDomain (74ms)
		EndReloadAssembly (1187ms)
			LoadAssemblies (217ms)
			RebuildTransferFunctionScriptingTraits (0ms)
			SetupTypeCache (495ms)
			ReleaseScriptCaches (1ms)
			RebuildScriptCaches (74ms)
			SetupLoadedEditorAssemblies (314ms)
				LogAssemblyErrors (0ms)
				InitializePlatformSupportModulesInManaged (6ms)
				SetLoadedEditorAssemblies (1ms)
				RefreshPlugins (1ms)
				BeforeProcessingInitializeOnLoad (66ms)
				ProcessInitializeOnLoadAttributes (223ms)
				ProcessInitializeOnLoadMethodAttributes (12ms)
				AfterProcessingInitializeOnLoad (5ms)
				EditorAssembliesLoaded (0ms)
			ExecutionOrderSort2 (0ms)
			AwakeInstancesAfterBackupRestoration (10ms)
Platform modules already initialized, skipping
Refreshing native plugins compatible for Editor in 0.61 ms, found 3 plugins.
Preloading 0 native plugins for Editor in 0.00 ms.
Unloading 2199 Unused Serialized files (Serialized files now loaded: 0)
System memory in use before: 96.5 MB.
System memory in use after: 96.4 MB.

Unloading 20 unused Assets to reduce memory usage. Loaded Objects now: 2646.
Total: 3.056000 ms (FindLiveObjects: 0.166900 ms CreateObjectMapping: 0.074700 ms MarkObjects: 2.702900 ms  DeleteObjects: 0.110400 ms)

AssetImportParameters requested are different than current active one (requested -> active):
  custom:framework-win-MediaFoundation: 216162199b28c13a410421893ffa2e32 -> 
  custom:video-decoder-ogg-theora: a1e56fd34408186e4bbccfd4996cb3dc -> 
  custom:container-muxer-webm: aa71ff27fc2769a1b78a27578f13a17b -> 
  custom:container-demuxer-webm: 4f35f7cbe854078d1ac9338744f61a02 -> 
  custom:container-demuxer-ogg: 62fdf1f143b41e24485cea50d1cbac27 -> 
  custom:video-encoder-webm-vp8: eb34c28f22e8b96e1ab97ce403110664 -> 
  custom:video-codec-MediaFoundation-h265: 746d11721c4dcdbdad8f713fa42b33f4 -> 
  custom:video-decoder-webm-vp8: 9c59270c3fd7afecdb556c50c9e8de78 -> 
  custom:audio-decoder-ogg-vorbis: bf7c407c2cedff20999df2af8eb42d56 -> 
  custom:audio-encoder-webm-vorbis: bf7c407c2cedff20999df2af8eb42d56 -> 
========================================================================
Received Prepare
Registering precompiled user dll's ...
Registered in 0.002800 seconds.
Begin MonoManager ReloadAssembly
Native extension for WindowsStandalone target not found
Refreshing native plugins compatible for Editor in 0.59 ms, found 3 plugins.
Preloading 0 native plugins for Editor in 0.00 ms.
Mono: successfully reloaded assembly
- Completed reload, in  1.389 seconds
Domain Reload Profiling:
	ReloadAssembly (1390ms)
		BeginReloadAssembly (116ms)
			ExecutionOrderSort (0ms)
			DisableScriptedObjects (8ms)
			BackupInstance (0ms)
			ReleaseScriptingObjects (0ms)
			CreateAndSetChildDomain (34ms)
		EndReloadAssembly (1199ms)
			LoadAssemblies (102ms)
			RebuildTransferFunctionScriptingTraits (0ms)
			SetupTypeCache (329ms)
			ReleaseScriptCaches (1ms)
			RebuildScriptCaches (62ms)
			SetupLoadedEditorAssemblies (526ms)
				LogAssemblyErrors (0ms)
				InitializePlatformSupportModulesInManaged (6ms)
				SetLoadedEditorAssemblies (1ms)
				RefreshPlugins (1ms)
				BeforeProcessingInitializeOnLoad (104ms)
				ProcessInitializeOnLoadAttributes (377ms)
				ProcessInitializeOnLoadMethodAttributes (25ms)
				AfterProcessingInitializeOnLoad (12ms)
				EditorAssembliesLoaded (0ms)
			ExecutionOrderSort2 (0ms)
			AwakeInstancesAfterBackupRestoration (19ms)
Platform modules already initialized, skipping
Refreshing native plugins compatible for Editor in 0.67 ms, found 3 plugins.
Preloading 0 native plugins for Editor in 0.00 ms.
Unloading 2199 Unused Serialized files (Serialized files now loaded: 0)
System memory in use before: 96.5 MB.
System memory in use after: 96.5 MB.

Unloading 20 unused Assets to reduce memory usage. Loaded Objects now: 2648.
Total: 4.239300 ms (FindLiveObjects: 0.248000 ms CreateObjectMapping: 0.127100 ms MarkObjects: 3.695600 ms  DeleteObjects: 0.167400 ms)

AssetImportParameters requested are different than current active one (requested -> active):
  custom:framework-win-MediaFoundation: 216162199b28c13a410421893ffa2e32 -> 
  custom:video-decoder-ogg-theora: a1e56fd34408186e4bbccfd4996cb3dc -> 
  custom:container-muxer-webm: aa71ff27fc2769a1b78a27578f13a17b -> 
  custom:container-demuxer-webm: 4f35f7cbe854078d1ac9338744f61a02 -> 
  custom:container-demuxer-ogg: 62fdf1f143b41e24485cea50d1cbac27 -> 
  custom:video-encoder-webm-vp8: eb34c28f22e8b96e1ab97ce403110664 -> 
  custom:video-codec-MediaFoundation-h265: 746d11721c4dcdbdad8f713fa42b33f4 -> 
  custom:video-decoder-webm-vp8: 9c59270c3fd7afecdb556c50c9e8de78 -> 
  custom:audio-decoder-ogg-vorbis: bf7c407c2cedff20999df2af8eb42d56 -> 
  custom:audio-encoder-webm-vorbis: bf7c407c2cedff20999df2af8eb42d56 -> 
========================================================================
Received Import Request.
  Time since last request: 241.414862 seconds.
  path: Assets/Cainos/Pixel Art Top Down - Basic/Script/DSQuestions.cs
  artifactKey: Guid(1ae5c40a26a47e349883e3cb639f2781) Importer(815301076,1909f56bfc062723c751e8b465ee728b)
Start importing Assets/Cainos/Pixel Art Top Down - Basic/Script/DSQuestions.cs using Guid(1ae5c40a26a47e349883e3cb639f2781) Importer(815301076,1909f56bfc062723c751e8b465ee728b)  -> (artifact id: 'daac0ac81870f0eacf93fab4af1541da') in 0.011948 seconds 
========================================================================
Received Prepare
Registering precompiled user dll's ...
Registered in 0.004254 seconds.
Begin MonoManager ReloadAssembly
Native extension for WindowsStandalone target not found
Refreshing native plugins compatible for Editor in 0.63 ms, found 3 plugins.
Preloading 0 native plugins for Editor in 0.00 ms.
Mono: successfully reloaded assembly
- Completed reload, in  1.602 seconds
Domain Reload Profiling:
	ReloadAssembly (1603ms)
		BeginReloadAssembly (192ms)
			ExecutionOrderSort (0ms)
			DisableScriptedObjects (16ms)
			BackupInstance (0ms)
			ReleaseScriptingObjects (0ms)
			CreateAndSetChildDomain (60ms)
		EndReloadAssembly (1309ms)
			LoadAssemblies (153ms)
			RebuildTransferFunctionScriptingTraits (0ms)
			SetupTypeCache (418ms)
			ReleaseScriptCaches (1ms)
			RebuildScriptCaches (53ms)
			SetupLoadedEditorAssemblies (552ms)
				LogAssemblyErrors (0ms)
				InitializePlatformSupportModulesInManaged (7ms)
				SetLoadedEditorAssemblies (1ms)
				RefreshPlugins (1ms)
				BeforeProcessingInitializeOnLoad (111ms)
				ProcessInitializeOnLoadAttributes (403ms)
				ProcessInitializeOnLoadMethodAttributes (22ms)
				AfterProcessingInitializeOnLoad (8ms)
				EditorAssembliesLoaded (0ms)
			ExecutionOrderSort2 (0ms)
			AwakeInstancesAfterBackupRestoration (16ms)
Platform modules already initialized, skipping
Refreshing native plugins compatible for Editor in 0.88 ms, found 3 plugins.
Preloading 0 native plugins for Editor in 0.00 ms.
Unloading 2199 Unused Serialized files (Serialized files now loaded: 0)
System memory in use before: 96.5 MB.
System memory in use after: 96.5 MB.

Unloading 20 unused Assets to reduce memory usage. Loaded Objects now: 2650.
Total: 4.095600 ms (FindLiveObjects: 0.220600 ms CreateObjectMapping: 0.118800 ms MarkObjects: 3.614300 ms  DeleteObjects: 0.140800 ms)

AssetImportParameters requested are different than current active one (requested -> active):
  custom:framework-win-MediaFoundation: 216162199b28c13a410421893ffa2e32 -> 
  custom:video-decoder-ogg-theora: a1e56fd34408186e4bbccfd4996cb3dc -> 
  custom:container-muxer-webm: aa71ff27fc2769a1b78a27578f13a17b -> 
  custom:container-demuxer-webm: 4f35f7cbe854078d1ac9338744f61a02 -> 
  custom:container-demuxer-ogg: 62fdf1f143b41e24485cea50d1cbac27 -> 
  custom:video-encoder-webm-vp8: eb34c28f22e8b96e1ab97ce403110664 -> 
  custom:video-codec-MediaFoundation-h265: 746d11721c4dcdbdad8f713fa42b33f4 -> 
  custom:video-decoder-webm-vp8: 9c59270c3fd7afecdb556c50c9e8de78 -> 
  custom:audio-decoder-ogg-vorbis: bf7c407c2cedff20999df2af8eb42d56 -> 
  custom:audio-encoder-webm-vorbis: bf7c407c2cedff20999df2af8eb42d56 -> 
========================================================================
Received Import Request.
  Time since last request: 13766.121900 seconds.
  path: Assets/Cainos/Pixel Art Top Down - Basic/Prefab/Diamond/Diamond.prefab
  artifactKey: Guid(41330f16eb49d4d4bbe980add498a03b) Importer(815301076,1909f56bfc062723c751e8b465ee728b)
Start importing Assets/Cainos/Pixel Art Top Down - Basic/Prefab/Diamond/Diamond.prefab using Guid(41330f16eb49d4d4bbe980add498a03b) Importer(815301076,1909f56bfc062723c751e8b465ee728b)  -> (artifact id: '2277c00d231e10c10030487ae09e33aa') in 0.381406 seconds 
========================================================================
Received Import Request.
  Time since last request: 16.153188 seconds.
  path: Assets/Cainos/Pixel Art Top Down - Basic/Prefab/Diamond/Diamond.prefab
  artifactKey: Guid(41330f16eb49d4d4bbe980add498a03b) Importer(815301076,1909f56bfc062723c751e8b465ee728b)
Start importing Assets/Cainos/Pixel Art Top Down - Basic/Prefab/Diamond/Diamond.prefab using Guid(41330f16eb49d4d4bbe980add498a03b) Importer(815301076,1909f56bfc062723c751e8b465ee728b)  -> (artifact id: '6f47f2d2d5a7641cc7bbd4379f3ff834') in 0.022197 seconds 
========================================================================
Received Import Request.
  Time since last request: 6.040737 seconds.
  path: Assets/Cainos/Pixel Art Top Down - Basic/Prefab/Diamond/Diamond.prefab
  artifactKey: Guid(41330f16eb49d4d4bbe980add498a03b) Importer(815301076,1909f56bfc062723c751e8b465ee728b)
Start importing Assets/Cainos/Pixel Art Top Down - Basic/Prefab/Diamond/Diamond.prefab using Guid(41330f16eb49d4d4bbe980add498a03b) Importer(815301076,1909f56bfc062723c751e8b465ee728b)  -> (artifact id: 'cd5b09fd8f2032704de23cfd63f5af6f') in 0.014641 seconds 
========================================================================
Received Import Request.
  Time since last request: 10.903888 seconds.
  path: Assets/Cainos/Pixel Art Top Down - Basic/Prefab/Diamond/Diamond.prefab
  artifactKey: Guid(41330f16eb49d4d4bbe980add498a03b) Importer(815301076,1909f56bfc062723c751e8b465ee728b)
Start importing Assets/Cainos/Pixel Art Top Down - Basic/Prefab/Diamond/Diamond.prefab using Guid(41330f16eb49d4d4bbe980add498a03b) Importer(815301076,1909f56bfc062723c751e8b465ee728b)  -> (artifact id: 'b646005862519c9ca66d15c6a8f2660e') in 0.017030 seconds 
========================================================================
Received Import Request.
  Time since last request: 37.484887 seconds.
  path: Assets/Cainos/Pixel Art Top Down - Basic/Prefab/Diamond/Diamond.prefab
  artifactKey: Guid(41330f16eb49d4d4bbe980add498a03b) Importer(815301076,1909f56bfc062723c751e8b465ee728b)
Start importing Assets/Cainos/Pixel Art Top Down - Basic/Prefab/Diamond/Diamond.prefab using Guid(41330f16eb49d4d4bbe980add498a03b) Importer(815301076,1909f56bfc062723c751e8b465ee728b)  -> (artifact id: 'c3b09acab84a43a549c09e829b5a512b') in 0.012221 seconds 
========================================================================
Received Import Request.
  Time since last request: 2.037921 seconds.
  path: Assets/Cainos/Pixel Art Top Down - Basic/Prefab/Diamond/Diamond.prefab
  artifactKey: Guid(41330f16eb49d4d4bbe980add498a03b) Importer(815301076,1909f56bfc062723c751e8b465ee728b)
Start importing Assets/Cainos/Pixel Art Top Down - Basic/Prefab/Diamond/Diamond.prefab using Guid(41330f16eb49d4d4bbe980add498a03b) Importer(815301076,1909f56bfc062723c751e8b465ee728b)  -> (artifact id: '0f3e1619857b8680fa7cd5e6b816390a') in 0.012923 seconds 
========================================================================
Received Import Request.
  Time since last request: 0.926144 seconds.
  path: Assets/Cainos/Pixel Art Top Down - Basic/Prefab/Diamond/Diamond.prefab
  artifactKey: Guid(41330f16eb49d4d4bbe980add498a03b) Importer(815301076,1909f56bfc062723c751e8b465ee728b)
Start importing Assets/Cainos/Pixel Art Top Down - Basic/Prefab/Diamond/Diamond.prefab using Guid(41330f16eb49d4d4bbe980add498a03b) Importer(815301076,1909f56bfc062723c751e8b465ee728b)  -> (artifact id: 'af3dfc8cb8630bdf74858ac0202d039a') in 0.011639 seconds 
========================================================================
Received Import Request.
  Time since last request: 35.355085 seconds.
  path: Assets/Cainos/Pixel Art Top Down - Basic/Prefab/Diamond/Diamond.prefab
  artifactKey: Guid(41330f16eb49d4d4bbe980add498a03b) Importer(815301076,1909f56bfc062723c751e8b465ee728b)
Start importing Assets/Cainos/Pixel Art Top Down - Basic/Prefab/Diamond/Diamond.prefab using Guid(41330f16eb49d4d4bbe980add498a03b) Importer(815301076,1909f56bfc062723c751e8b465ee728b)  -> (artifact id: '7a2a645364df32c62c4d4c0fa5cbd91b') in 0.019344 seconds 
========================================================================
Received Import Request.
  Time since last request: 43.104054 seconds.
  path: Assets/Cainos/Pixel Art Top Down - Basic/Prefab/Diamond/Diamond.prefab
  artifactKey: Guid(41330f16eb49d4d4bbe980add498a03b) Importer(815301076,1909f56bfc062723c751e8b465ee728b)
Start importing Assets/Cainos/Pixel Art Top Down - Basic/Prefab/Diamond/Diamond.prefab using Guid(41330f16eb49d4d4bbe980add498a03b) Importer(815301076,1909f56bfc062723c751e8b465ee728b)  -> (artifact id: '80d595633ee6e22b824adec3f7f7c5b1') in 0.011808 seconds 
========================================================================
Received Import Request.
  Time since last request: 17.409571 seconds.
  path: Assets/Cainos/Pixel Art Top Down - Basic/Prefab/Diamond/Diamond.prefab
  artifactKey: Guid(41330f16eb49d4d4bbe980add498a03b) Importer(815301076,1909f56bfc062723c751e8b465ee728b)
Start importing Assets/Cainos/Pixel Art Top Down - Basic/Prefab/Diamond/Diamond.prefab using Guid(41330f16eb49d4d4bbe980add498a03b) Importer(815301076,1909f56bfc062723c751e8b465ee728b)  -> (artifact id: '2dcdea32bfc284a9bd93035573ebe531') in 0.010982 seconds 
========================================================================
Received Import Request.
  Time since last request: 26.718797 seconds.
  path: Assets/Cainos/Pixel Art Top Down - Basic/Prefab/Diamond/Diamond.prefab
  artifactKey: Guid(41330f16eb49d4d4bbe980add498a03b) Importer(815301076,1909f56bfc062723c751e8b465ee728b)
Start importing Assets/Cainos/Pixel Art Top Down - Basic/Prefab/Diamond/Diamond.prefab using Guid(41330f16eb49d4d4bbe980add498a03b) Importer(815301076,1909f56bfc062723c751e8b465ee728b)  -> (artifact id: '43548203b67e0ebe8c8be7d1e772e8ef') in 0.015763 seconds 
========================================================================
Received Import Request.
  Time since last request: 4.937401 seconds.
  path: Assets/Cainos/Pixel Art Top Down - Basic/Prefab/Diamond/Diamond.prefab
  artifactKey: Guid(41330f16eb49d4d4bbe980add498a03b) Importer(815301076,1909f56bfc062723c751e8b465ee728b)
Start importing Assets/Cainos/Pixel Art Top Down - Basic/Prefab/Diamond/Diamond.prefab using Guid(41330f16eb49d4d4bbe980add498a03b) Importer(815301076,1909f56bfc062723c751e8b465ee728b)  -> (artifact id: '220bc1be511348b5ff7f173235438ad6') in 0.011229 seconds 
========================================================================
Received Import Request.
  Time since last request: 5.818143 seconds.
  path: Assets/Cainos/Pixel Art Top Down - Basic/Prefab/Diamond/Diamond.prefab
  artifactKey: Guid(41330f16eb49d4d4bbe980add498a03b) Importer(815301076,1909f56bfc062723c751e8b465ee728b)
Start importing Assets/Cainos/Pixel Art Top Down - Basic/Prefab/Diamond/Diamond.prefab using Guid(41330f16eb49d4d4bbe980add498a03b) Importer(815301076,1909f56bfc062723c751e8b465ee728b)  -> (artifact id: 'a044b91aa3954c3b5a872334c7ff17be') in 0.016599 seconds 
========================================================================
Received Import Request.
  Time since last request: 12.733395 seconds.
  path: Assets/Cainos/Pixel Art Top Down - Basic/Prefab/Diamond/Diamond.prefab
  artifactKey: Guid(41330f16eb49d4d4bbe980add498a03b) Importer(815301076,1909f56bfc062723c751e8b465ee728b)
Start importing Assets/Cainos/Pixel Art Top Down - Basic/Prefab/Diamond/Diamond.prefab using Guid(41330f16eb49d4d4bbe980add498a03b) Importer(815301076,1909f56bfc062723c751e8b465ee728b)  -> (artifact id: '0ed58674b940494482e3848fdefa22d2') in 0.019575 seconds 
========================================================================
Received Import Request.
  Time since last request: 28.911848 seconds.
  path: Assets/Cainos/Pixel Art Top Down - Basic/Prefab/Diamond/Diamond.prefab
  artifactKey: Guid(41330f16eb49d4d4bbe980add498a03b) Importer(815301076,1909f56bfc062723c751e8b465ee728b)
Start importing Assets/Cainos/Pixel Art Top Down - Basic/Prefab/Diamond/Diamond.prefab using Guid(41330f16eb49d4d4bbe980add498a03b) Importer(815301076,1909f56bfc062723c751e8b465ee728b)  -> (artifact id: 'fb98aaceff9bfcbfe75ba075534490bf') in 0.010352 seconds 
========================================================================
Received Import Request.
  Time since last request: 12.068928 seconds.
  path: Assets/Cainos/Pixel Art Top Down - Basic/Prefab/Diamond/Diamond.prefab
  artifactKey: Guid(41330f16eb49d4d4bbe980add498a03b) Importer(815301076,1909f56bfc062723c751e8b465ee728b)
Start importing Assets/Cainos/Pixel Art Top Down - Basic/Prefab/Diamond/Diamond.prefab using Guid(41330f16eb49d4d4bbe980add498a03b) Importer(815301076,1909f56bfc062723c751e8b465ee728b)  -> (artifact id: '0ad6cbef0ed09ed4fe05b031934fcd8d') in 0.013570 seconds 
========================================================================
Received Import Request.
  Time since last request: 5.900614 seconds.
  path: Assets/Cainos/Pixel Art Top Down - Basic/Prefab/Diamond/Diamond.prefab
  artifactKey: Guid(41330f16eb49d4d4bbe980add498a03b) Importer(815301076,1909f56bfc062723c751e8b465ee728b)
Start importing Assets/Cainos/Pixel Art Top Down - Basic/Prefab/Diamond/Diamond.prefab using Guid(41330f16eb49d4d4bbe980add498a03b) Importer(815301076,1909f56bfc062723c751e8b465ee728b)  -> (artifact id: '20698f1b3aa010d74418ec3ebecdcf19') in 0.009104 seconds 
========================================================================
Received Import Request.
  Time since last request: 8.369706 seconds.
  path: Assets/Cainos/Pixel Art Top Down - Basic/Prefab/Diamond/Diamond.prefab
  artifactKey: Guid(41330f16eb49d4d4bbe980add498a03b) Importer(815301076,1909f56bfc062723c751e8b465ee728b)
Start importing Assets/Cainos/Pixel Art Top Down - Basic/Prefab/Diamond/Diamond.prefab using Guid(41330f16eb49d4d4bbe980add498a03b) Importer(815301076,1909f56bfc062723c751e8b465ee728b)  -> (artifact id: 'ac5d5d00184e8fba50c0f6eaa1457843') in 0.011273 seconds 
========================================================================
Received Import Request.
  Time since last request: 4.935136 seconds.
  path: Assets/Cainos/Pixel Art Top Down - Basic/Prefab/Diamond/Diamond.prefab
  artifactKey: Guid(41330f16eb49d4d4bbe980add498a03b) Importer(815301076,1909f56bfc062723c751e8b465ee728b)
Start importing Assets/Cainos/Pixel Art Top Down - Basic/Prefab/Diamond/Diamond.prefab using Guid(41330f16eb49d4d4bbe980add498a03b) Importer(815301076,1909f56bfc062723c751e8b465ee728b)  -> (artifact id: '7bbe7b381a2354ba13abbad926548c6f') in 0.013227 seconds 
========================================================================
Received Import Request.
  Time since last request: 9.323832 seconds.
  path: Assets/Cainos/Pixel Art Top Down - Basic/Prefab/Diamond/Diamond.prefab
  artifactKey: Guid(41330f16eb49d4d4bbe980add498a03b) Importer(815301076,1909f56bfc062723c751e8b465ee728b)
Start importing Assets/Cainos/Pixel Art Top Down - Basic/Prefab/Diamond/Diamond.prefab using Guid(41330f16eb49d4d4bbe980add498a03b) Importer(815301076,1909f56bfc062723c751e8b465ee728b)  -> (artifact id: '51121763480b0365a5a30654c9697511') in 0.011479 seconds 
========================================================================
Received Import Request.
  Time since last request: 3.736697 seconds.
  path: Assets/Cainos/Pixel Art Top Down - Basic/Prefab/Diamond/Diamond.prefab
  artifactKey: Guid(41330f16eb49d4d4bbe980add498a03b) Importer(815301076,1909f56bfc062723c751e8b465ee728b)
Start importing Assets/Cainos/Pixel Art Top Down - Basic/Prefab/Diamond/Diamond.prefab using Guid(41330f16eb49d4d4bbe980add498a03b) Importer(815301076,1909f56bfc062723c751e8b465ee728b)  -> (artifact id: 'e3d5657ab6e3186247c68adf3b98835f') in 0.023096 seconds 
========================================================================
Received Import Request.
  Time since last request: 8.961215 seconds.
  path: Assets/Cainos/Pixel Art Top Down - Basic/Prefab/Diamond/Diamond.prefab
  artifactKey: Guid(41330f16eb49d4d4bbe980add498a03b) Importer(815301076,1909f56bfc062723c751e8b465ee728b)
Start importing Assets/Cainos/Pixel Art Top Down - Basic/Prefab/Diamond/Diamond.prefab using Guid(41330f16eb49d4d4bbe980add498a03b) Importer(815301076,1909f56bfc062723c751e8b465ee728b)  -> (artifact id: 'bb7d82f6a13300e7ea59a22347f87cb1') in 0.011302 seconds 
========================================================================
Received Import Request.
  Time since last request: 33.796151 seconds.
  path: Assets/Cainos/Pixel Art Top Down - Basic/Prefab/Diamond/Diamond.prefab
  artifactKey: Guid(41330f16eb49d4d4bbe980add498a03b) Importer(815301076,1909f56bfc062723c751e8b465ee728b)
Start importing Assets/Cainos/Pixel Art Top Down - Basic/Prefab/Diamond/Diamond.prefab using Guid(41330f16eb49d4d4bbe980add498a03b) Importer(815301076,1909f56bfc062723c751e8b465ee728b)  -> (artifact id: '0ecdafebfd380b3bae389b9330443fa8') in 0.008140 seconds 
========================================================================
Received Import Request.
  Time since last request: 12.398847 seconds.
  path: Assets/Cainos/Pixel Art Top Down - Basic/Prefab/Diamond/Diamond.prefab
  artifactKey: Guid(41330f16eb49d4d4bbe980add498a03b) Importer(815301076,1909f56bfc062723c751e8b465ee728b)
Start importing Assets/Cainos/Pixel Art Top Down - Basic/Prefab/Diamond/Diamond.prefab using Guid(41330f16eb49d4d4bbe980add498a03b) Importer(815301076,1909f56bfc062723c751e8b465ee728b)  -> (artifact id: '339a5f617de9216c36e624be577c5325') in 0.009494 seconds 
========================================================================
Received Import Request.
  Time since last request: 15.487006 seconds.
  path: Assets/Cainos/Pixel Art Top Down - Basic/Prefab/Diamond/Diamond.prefab
  artifactKey: Guid(41330f16eb49d4d4bbe980add498a03b) Importer(815301076,1909f56bfc062723c751e8b465ee728b)
Start importing Assets/Cainos/Pixel Art Top Down - Basic/Prefab/Diamond/Diamond.prefab using Guid(41330f16eb49d4d4bbe980add498a03b) Importer(815301076,1909f56bfc062723c751e8b465ee728b)  -> (artifact id: '4abf61bbe6cc20e5c52ea5ca7c022367') in 0.015143 seconds 
========================================================================
Received Import Request.
  Time since last request: 7.657657 seconds.
  path: Assets/Cainos/Pixel Art Top Down - Basic/Prefab/Diamond/Diamond.prefab
  artifactKey: Guid(41330f16eb49d4d4bbe980add498a03b) Importer(815301076,1909f56bfc062723c751e8b465ee728b)
Start importing Assets/Cainos/Pixel Art Top Down - Basic/Prefab/Diamond/Diamond.prefab using Guid(41330f16eb49d4d4bbe980add498a03b) Importer(815301076,1909f56bfc062723c751e8b465ee728b)  -> (artifact id: '8cfbaa3e45fc7c2502285ca3848c14de') in 0.013377 seconds 
========================================================================
Received Import Request.
  Time since last request: 8.442605 seconds.
  path: Assets/Cainos/Pixel Art Top Down - Basic/Prefab/Diamond/Diamond.prefab
  artifactKey: Guid(41330f16eb49d4d4bbe980add498a03b) Importer(815301076,1909f56bfc062723c751e8b465ee728b)
Start importing Assets/Cainos/Pixel Art Top Down - Basic/Prefab/Diamond/Diamond.prefab using Guid(41330f16eb49d4d4bbe980add498a03b) Importer(815301076,1909f56bfc062723c751e8b465ee728b)  -> (artifact id: 'b6c112776b47edff066ff2c71cc7d2ed') in 0.019068 seconds 
========================================================================
Received Import Request.
  Time since last request: 5.942105 seconds.
  path: Assets/Cainos/Pixel Art Top Down - Basic/Prefab/Diamond/Diamond.prefab
  artifactKey: Guid(41330f16eb49d4d4bbe980add498a03b) Importer(815301076,1909f56bfc062723c751e8b465ee728b)
Start importing Assets/Cainos/Pixel Art Top Down - Basic/Prefab/Diamond/Diamond.prefab using Guid(41330f16eb49d4d4bbe980add498a03b) Importer(815301076,1909f56bfc062723c751e8b465ee728b)  -> (artifact id: '4c8b48080f6768cc44e7c0d5bd3eb811') in 0.011105 seconds 
AssetImportWorkerClient::OnTransportError - code=2 error=End of file
